INFO:     Started server process [37054]
INFO:     Waiting for application startup.
2026-04-21 04:29:03,002 [INFO] src.database: [DB] WAL mode enabled
2026-04-21 04:29:03,002 [INFO] src.database: [DB] Initialized at data/screener.db
2026-04-21 04:29:03,002 [INFO] src.engine: [Engine] Initialized: 30 config symbols, auto_discover=False, timeframes: ['15m', '1h', '4h'], RL=enabled
2026-04-21 04:29:03,002 [INFO] api: [API] ScreeningEngine initialized
2026-04-21 04:29:03,003 [INFO] apscheduler.scheduler: Adding job tentatively -- it will be properly scheduled when the scheduler starts
2026-04-21 04:29:03,003 [INFO] apscheduler.scheduler: Added job "Auto-screen every 15 minutes" to job store "default"
2026-04-21 04:29:03,003 [INFO] apscheduler.scheduler: Scheduler started
2026-04-21 04:29:03,004 [INFO] api: [API] Scheduler started — scanning every 15 minutes
2026-04-21 04:29:03,004 [INFO] api: [API] Next scan at: 04:44:03
INFO:     Application startup complete.
INFO:     Uvicorn running on http://127.0.0.1:8000 (Press CTRL+C to quit)
INFO:     127.0.0.1:39718 - "GET /health HTTP/1.1" 200 OK
INFO:     127.0.0.1:39732 - "GET /api/scan/latest HTTP/1.1" 200 OK
INFO:     127.0.0.1:39740 - "GET /api/signals HTTP/1.1" 200 OK
INFO:     127.0.0.1:39748 - "GET /api/status HTTP/1.1" 200 OK
INFO:     127.0.0.1:39732 - "GET /api/db/stats HTTP/1.1" 200 OK
2026-04-21 04:29:10,317 [INFO] src.liquidation: [Liquidation] Fetched 33 liquidation events
INFO:     127.0.0.1:39732 - "GET /api/liquidations HTTP/1.1" 200 OK
INFO:     Shutting down
INFO:     Waiting for application shutdown.
2026-04-21 04:29:17,550 [INFO] api: [API] Shutting down...
2026-04-21 04:29:17,551 [INFO] src.engine: [Engine] Closed
2026-04-21 04:29:17,551 [INFO] api: [API] Shutdown complete
2026-04-21 04:29:17,551 [INFO] apscheduler.scheduler: Scheduler has been shut down
INFO:     Application shutdown complete.
INFO:     Finished server process [37054]
xt scan at: 04:44:07
2026-04-21 04:29:07,540 [INFO] api: [API] Shutting down...
2026-04-21 04:29:07,540 [INFO] src.engine: [Engine] Closed
2026-04-21 04:29:07,540 [INFO] api: [API] Shutdown complete
2026-04-21 04:29:07,541 [INFO] apscheduler.scheduler: Scheduler has been shut down
2026-04-21 04:29:10,317 [INFO] src.liquidation: [Liquidation] Fetched 33 liquidation events
2026-04-21 04:29:17,550 [INFO] api: [API] Shutting down...
2026-04-21 04:29:17,551 [INFO] src.engine: [Engine] Closed
2026-04-21 04:29:17,551 [INFO] api: [API] Shutdown complete
2026-04-21 04:29:17,551 [INFO] apscheduler.scheduler: Scheduler has been shut down
2026-04-21 04:29:18,673 [INFO] src.database: [DB] WAL mode enabled
2026-04-21 04:29:18,674 [INFO] src.database: [DB] Initialized at data/screener.db
2026-04-21 04:29:18,674 [INFO] src.engine: [Engine] Initialized: 30 config symbols, auto_discover=False, timeframes: ['15m', '1h', '4h'], RL=enabled
2026-04-21 04:29:18,674 [INFO] api: [API] ScreeningEngine initialized
2026-04-21 04:29:18,675 [INFO] apscheduler.scheduler: Adding job tentatively -- it will be properly scheduled when the scheduler starts
2026-04-21 04:29:18,675 [INFO] apscheduler.scheduler: Added job "Auto-screen every 15 minutes" to job store "default"
2026-04-21 04:29:18,675 [INFO] apscheduler.scheduler: Scheduler started
2026-04-21 04:29:18,675 [INFO] api: [API] Scheduler started — scanning every 15 minutes
2026-04-21 04:29:18,676 [INFO] api: [API] Next scan at: 04:44:18
2026-04-21 04:29:25,302 [INFO] src.liquidation: [Liquidation] Fetched 33 liquidation events
2026-04-21 04:30:32,689 [INFO] httpx: HTTP Request: GET https://fapi.binance.com/fapi/v1/ticker/24hr "HTTP/1.1 200 OK"
2026-04-21 04:30:32,979 [INFO] httpx: HTTP Request: GET https://fapi.binance.com/fapi/v1/ticker/24hr "HTTP/1.1 200 OK"
2026-04-21 04:30:32,985 [INFO] httpx: HTTP Request: GET https://fapi.binance.com/fapi/v1/ticker/24hr "HTTP/1.1 200 OK"
2026-04-21 04:30:41,072 [INFO] httpx: HTTP Request: GET https://fapi.binance.com/fapi/v1/ticker/24hr "HTTP/1.1 200 OK"
2026-04-21 04:30:57,592 [INFO] httpx: HTTP Request: GET https://fapi.binance.com/fapi/v1/ticker/24hr "HTTP/1.1 200 OK"
2026-04-21 04:31:12,629 [INFO] httpx: HTTP Request: GET https://fapi.binance.com/fapi/v1/ticker/24hr "HTTP/1.1 200 OK"
2026-04-21 04:31:19,460 [INFO] httpx: HTTP Request: GET https://fapi.binance.com/fapi/v1/ticker/24hr "HTTP/1.1 200 OK"
2026-04-21 04:31:39,664 [INFO] httpx: HTTP Request: GET https://fapi.binance.com/fapi/v1/ticker/24hr "HTTP/1.1 200 OK"
2026-04-21 04:31:49,305 [INFO] httpx: HTTP Request: GET https://fapi.binance.com/fapi/v1/ticker/24hr "HTTP/1.1 200 OK"
2026-04-21 04:32:04,533 [INFO] httpx: HTTP Request: GET https://fapi.binance.com/fapi/v1/ticker/24hr "HTTP/1.1 200 OK"
2026-04-21 04:32:20,199 [INFO] httpx: HTTP Request: GET https://fapi.binance.com/fapi/v1/ticker/24hr "HTTP/1.1 200 OK"
2026-04-21 04:32:35,196 [INFO] httpx: HTTP Request: GET https://fapi.binance.com/fapi/v1/ticker/24hr "HTTP/1.1 200 OK"
2026-04-21 04:32:50,203 [INFO] httpx: HTTP Request: GET https://fapi.binance.com/fapi/v1/ticker/24hr "HTTP/1.1 200 OK"
2026-04-21 04:33:05,370 [INFO] httpx: HTTP Request: GET https://fapi.binance.com/fapi/v1/ticker/24hr "HTTP/1.1 200 OK"
2026-04-21 04:33:20,538 [INFO] httpx: HTTP Request: GET https://fapi.binance.com/fapi/v1/ticker/24hr "HTTP/1.1 200 OK"
2026-04-21 04:33:35,431 [INFO] httpx: HTTP Request: GET https://fapi.binance.com/fapi/v1/ticker/24hr "HTTP/1.1 200 OK"
2026-04-21 04:33:51,226 [INFO] httpx: HTTP Request: GET https://fapi.binance.com/fapi/v1/ticker/24hr "HTTP/1.1 200 OK"
2026-04-21 04:34:06,221 [INFO] httpx: HTTP Request: GET https://fapi.binance.com/fapi/v1/ticker/24hr "HTTP/1.1 200 OK"
2026-04-21 04:34:21,234 [INFO] httpx: HTTP Request: GET https://fapi.binance.com/fapi/v1/ticker/24hr "HTTP/1.1 200 OK"
2026-04-21 04:34:36,249 [INFO] httpx: HTTP Request: GET https://fapi.binance.com/fapi/v1/ticker/24hr "HTTP/1.1 200 OK"
2026-04-21 04:34:51,237 [INFO] httpx: HTTP Request: GET https://fapi.binance.com/fapi/v1/ticker/24hr "HTTP/1.1 200 OK"
2026-04-21 04:35:06,260 [INFO] httpx: HTTP Request: GET https://fapi.binance.com/fapi/v1/ticker/24hr "HTTP/1.1 200 OK"
2026-04-21 04:35:21,238 [INFO] httpx: HTTP Request: GET https://fapi.binance.com/fapi/v1/ticker/24hr "HTTP/1.1 200 OK"
2026-04-21 04:35:36,231 [INFO] httpx: HTTP Request: GET https://fapi.binance.com/fapi/v1/ticker/24hr "HTTP/1.1 200 OK"
2026-04-21 04:35:51,240 [INFO] httpx: HTTP Request: GET https://fapi.binance.com/fapi/v1/ticker/24hr "HTTP/1.1 200 OK"
2026-04-21 04:36:06,230 [INFO] httpx: HTTP Request: GET https://fapi.binance.com/fapi/v1/ticker/24hr "HTTP/1.1 200 OK"
2026-04-21 04:36:21,240 [INFO] httpx: HTTP Request: GET https://fapi.binance.com/fapi/v1/ticker/24hr "HTTP/1.1 200 OK"
2026-04-21 04:36:37,104 [INFO] httpx: HTTP Request: GET https://fapi.binance.com/fapi/v1/ticker/24hr "HTTP/1.1 200 OK"
2026-04-21 04:36:51,643 [INFO] httpx: HTTP Request: GET https://fapi.binance.com/fapi/v1/ticker/24hr "HTTP/1.1 200 OK"
2026-04-21 04:37:06,224 [INFO] httpx: HTTP Request: GET https://fapi.binance.com/fapi/v1/ticker/24hr "HTTP/1.1 200 OK"
2026-04-21 04:37:21,244 [INFO] httpx: HTTP Request: GET https://fapi.binance.com/fapi/v1/ticker/24hr "HTTP/1.1 200 OK"
2026-04-21 04:37:36,222 [INFO] httpx: HTTP Request: GET https://fapi.binance.com/fapi/v1/ticker/24hr "HTTP/1.1 200 OK"
2026-04-21 04:37:51,242 [INFO] httpx: HTTP Request: GET https://fapi.binance.com/fapi/v1/ticker/24hr "HTTP/1.1 200 OK"
2026-04-21 04:38:06,568 [INFO] httpx: HTTP Request: GET https://fapi.binance.com/fapi/v1/ticker/24hr "HTTP/1.1 200 OK"
2026-04-21 04:38:21,253 [INFO] httpx: HTTP Request: GET https://fapi.binance.com/fapi/v1/ticker/24hr "HTTP/1.1 200 OK"
2026-04-21 04:38:36,222 [INFO] httpx: HTTP Request: GET https://fapi.binance.com/fapi/v1/ticker/24hr "HTTP/1.1 200 OK"
2026-04-21 04:38:51,225 [INFO] httpx: HTTP Request: GET https://fapi.binance.com/fapi/v1/ticker/24hr "HTTP/1.1 200 OK"
2026-04-21 04:39:06,298 [INFO] httpx: HTTP Request: GET https://fapi.binance.com/fapi/v1/ticker/24hr "HTTP/1.1 200 OK"
2026-04-21 04:39:21,259 [INFO] httpx: HTTP Request: GET https://fapi.binance.com/fapi/v1/ticker/24hr "HTTP/1.1 200 OK"
2026-04-21 04:39:36,402 [INFO] httpx: HTTP Request: GET https://fapi.binance.com/fapi/v1/ticker/24hr "HTTP/1.1 200 OK"
2026-04-21 04:39:51,261 [INFO] httpx: HTTP Request: GET https://fapi.binance.com/fapi/v1/ticker/24hr "HTTP/1.1 200 OK"
2026-04-21 04:40:06,250 [INFO] httpx: HTTP Request: GET https://fapi.binance.com/fapi/v1/ticker/24hr "HTTP/1.1 200 OK"
2026-04-21 04:40:21,246 [INFO] httpx: HTTP Request: GET https://fapi.binance.com/fapi/v1/ticker/24hr "HTTP/1.1 200 OK"
2026-04-21 04:40:36,242 [INFO] httpx: HTTP Request: GET https://fapi.binance.com/fapi/v1/ticker/24hr "HTTP/1.1 200 OK"
2026-04-21 04:40:51,249 [INFO] httpx: HTTP Request: GET https://fapi.binance.com/fapi/v1/ticker/24hr "HTTP/1.1 200 OK"
2026-04-21 04:41:06,997 [INFO] httpx: HTTP Request: GET https://fapi.binance.com/fapi/v1/ticker/24hr "HTTP/1.1 200 OK"
2026-04-21 04:41:22,271 [INFO] httpx: HTTP Request: GET https://fapi.binance.com/fapi/v1/ticker/24hr "HTTP/1.1 200 OK"
2026-04-21 04:41:37,283 [INFO] httpx: HTTP Request: GET https://fapi.binance.com/fapi/v1/ticker/24hr "HTTP/1.1 200 OK"
2026-04-21 04:41:52,491 [INFO] httpx: HTTP Request: GET https://fapi.binance.com/fapi/v1/ticker/24hr "HTTP/1.1 200 OK"
2026-04-21 04:42:07,479 [INFO] httpx: HTTP Request: GET https://fapi.binance.com/fapi/v1/ticker/24hr "HTTP/1.1 200 OK"
2026-04-21 04:42:22,477 [INFO] httpx: HTTP Request: GET https://fapi.binance.com/fapi/v1/ticker/24hr "HTTP/1.1 200 OK"
2026-04-21 04:42:37,474 [INFO] httpx: HTTP Request: GET https://fapi.binance.com/fapi/v1/ticker/24hr "HTTP/1.1 200 OK"
2026-04-21 04:42:52,489 [INFO] httpx: HTTP Request: GET https://fapi.binance.com/fapi/v1/ticker/24hr "HTTP/1.1 200 OK"
2026-04-21 04:43:07,496 [INFO] httpx: HTTP Request: GET https://fapi.binance.com/fapi/v1/ticker/24hr "HTTP/1.1 200 OK"
2026-04-21 04:43:22,682 [INFO] httpx: HTTP Request: GET https://fapi.binance.com/fapi/v1/ticker/24hr "HTTP/1.1 200 OK"
2026-04-21 04:43:37,696 [INFO] httpx: HTTP Request: GET https://fapi.binance.com/fapi/v1/ticker/24hr "HTTP/1.1 200 OK"
2026-04-21 04:43:52,693 [INFO] httpx: HTTP Request: GET https://fapi.binance.com/fapi/v1/ticker/24hr "HTTP/1.1 200 OK"
2026-04-21 04:44:07,698 [INFO] httpx: HTTP Request: GET https://fapi.binance.com/fapi/v1/ticker/24hr "HTTP/1.1 200 OK"
2026-04-21 04:44:18,676 [INFO] apscheduler.executors.default: Running job "Auto-screen every 15 minutes (trigger: interval[0:15:00], next run at: 2026-04-21 04:59:18 WIB)" (scheduled at 2026-04-21 04:44:18.675377+07:00)
2026-04-21 04:44:18,677 [INFO] api: [Scheduler] Triggering auto-scan...
2026-04-21 04:44:18,677 [INFO] src.engine: [Engine] Starting scan of 30 coins...
2026-04-21 04:44:18,677 [INFO] src.binance_api: [BinanceAPI] Connected to https://fapi.binance.com
2026-04-21 04:44:20,720 [ERROR] src.enhanced_data: [EnhancedData] API error for /fapi/v1/openInterestHist: 404 Client Error: Not Found for url: https://fapi.binance.com/fapi/v1/openInterestHist?symbol=BTCUSDT&period=15m&limit=20
2026-04-21 04:44:25,081 [ERROR] src.enhanced_data: [EnhancedData] API error for /fapi/v1/openInterestHist: 404 Client Error: Not Found for url: https://fapi.binance.com/fapi/v1/openInterestHist?symbol=ETHUSDT&period=15m&limit=20
2026-04-21 04:44:29,479 [ERROR] src.enhanced_data: [EnhancedData] API error for /fapi/v1/openInterestHist: 404 Client Error: Not Found for url: https://fapi.binance.com/fapi/v1/openInterestHist?symbol=DOGEUSDT&period=15m&limit=20
2026-04-21 04:44:33,958 [ERROR] src.enhanced_data: [EnhancedData] API error for /fapi/v1/openInterestHist: 404 Client Error: Not Found for url: https://fapi.binance.com/fapi/v1/openInterestHist?symbol=ADAUSDT&period=15m&limit=20
2026-04-21 04:44:38,695 [ERROR] src.enhanced_data: [EnhancedData] API error for /fapi/v1/openInterestHist: 404 Client Error: Not Found for url: https://fapi.binance.com/fapi/v1/openInterestHist?symbol=XRPUSDT&period=15m&limit=20
2026-04-21 04:44:43,015 [ERROR] src.enhanced_data: [EnhancedData] API error for /fapi/v1/openInterestHist: 404 Client Error: Not Found for url: https://fapi.binance.com/fapi/v1/openInterestHist?symbol=DOTUSDT&period=15m&limit=20
2026-04-21 04:44:47,365 [ERROR] src.enhanced_data: [EnhancedData] API error for /fapi/v1/openInterestHist: 404 Client Error: Not Found for url: https://fapi.binance.com/fapi/v1/openInterestHist?symbol=LINKUSDT&period=15m&limit=20
2026-04-21 04:44:51,796 [ERROR] src.enhanced_data: [EnhancedData] API error for /fapi/v1/openInterestHist: 404 Client Error: Not Found for url: https://fapi.binance.com/fapi/v1/openInterestHist?symbol=AVAXUSDT&period=15m&limit=20
2026-04-21 04:44:56,187 [ERROR] src.enhanced_data: [EnhancedData] API error for /fapi/v1/openInterestHist: 404 Client Error: Not Found for url: https://fapi.binance.com/fapi/v1/openInterestHist?symbol=SOLUSDT&period=15m&limit=20
2026-04-21 04:45:00,628 [ERROR] src.enhanced_data: [EnhancedData] API error for /fapi/v1/openInterestHist: 404 Client Error: Not Found for url: https://fapi.binance.com/fapi/v1/openInterestHist?symbol=BNBUSDT&period=15m&limit=20
2026-04-21 04:46:17,570 [INFO] src.database: [DB] Saved 21 new signals
2026-04-21 04:46:17,571 [INFO] src.database: [DB] Signal #3866 1000FLOKIUSDT SHORT -> LOSS at 0.0318 (STOP LOSS HIT)
2026-04-21 04:46:17,571 [INFO] src.database: [DB] Signal #4965 1000FLOKIUSDT LONG -> WIN at 0.0318 (TAKE PROFIT HIT)
2026-04-21 04:46:17,571 [INFO] src.database: [DB] Signal #5338 AVAXUSDT LONG -> WIN at 9.3930 (TAKE PROFIT HIT)
2026-04-21 04:46:17,571 [INFO] src.database: [DB] Signal #5348 AVAXUSDT LONG -> WIN at 9.3930 (TAKE PROFIT HIT)
2026-04-21 04:46:17,571 [INFO] src.database: [DB] Signal #5358 AVAXUSDT LONG -> WIN at 9.3930 (TAKE PROFIT HIT)
2026-04-21 04:46:17,571 [INFO] src.database: [DB] Signal #5370 AVAXUSDT LONG -> WIN at 9.3930 (TAKE PROFIT HIT)
2026-04-21 04:46:17,571 [INFO] src.database: [DB] Signal #5446 FETUSDT LONG -> LOSS at 0.2121 (STOP LOSS HIT)
2026-04-21 04:46:17,571 [INFO] src.database: [DB] Signal #5476 1000PEPEUSDT LONG -> LOSS at 0.0038 (STOP LOSS HIT)
2026-04-21 04:46:17,571 [INFO] src.database: [DB] Signal #5530 FETUSDT LONG -> LOSS at 0.2121 (STOP LOSS HIT)
2026-04-21 04:46:17,572 [INFO] src.database: [DB] Signal #5547 BTCUSDT LONG -> LOSS at 75863.7000 (STOP LOSS HIT)
2026-04-21 04:46:17,572 [INFO] src.database: [DB] Signal #5559 FETUSDT LONG -> LOSS at 0.2121 (STOP LOSS HIT)
2026-04-21 04:46:17,572 [INFO] src.database: [DB] Signal #5561 1000PEPEUSDT LONG -> LOSS at 0.0038 (STOP LOSS HIT)
2026-04-21 04:46:17,572 [INFO] src.database: [DB] Signal #5571 ORDIUSDT LONG -> WIN at 5.0720 (TAKE PROFIT HIT)
2026-04-21 04:46:17,572 [INFO] src.database: [DB] Signal #5642 BTCUSDT LONG -> LOSS at 75863.7000 (STOP LOSS HIT)
2026-04-21 04:46:17,572 [INFO] src.database: [DB] Signal #5646 ETHUSDT LONG -> LOSS at 2317.1800 (STOP LOSS HIT)
2026-04-21 04:46:17,572 [INFO] src.database: [DB] Signal #5676 AAVEUSDT LONG -> LOSS at 91.8700 (STOP LOSS HIT)
2026-04-21 04:46:17,603 [INFO] src.database: [DB] Updated 16 signal outcomes
2026-04-21 04:46:17,603 [INFO] src.alerter: [Alert] 🆕 NEW SHORT: BTCUSDT (55%)
2026-04-21 04:46:17,603 [INFO] src.alerter: [Alert] 🆕 NEW SHORT: ETHUSDT (65%)
2026-04-21 04:46:17,603 [INFO] src.alerter: [Alert] 🆕 NEW LONG: DOGEUSDT (59%)
2026-04-21 04:46:17,603 [INFO] src.alerter: [Alert] 🆕 NEW LONG: ADAUSDT (57%)
2026-04-21 04:46:17,603 [INFO] src.alerter: [Alert] 🆕 NEW SHORT: XRPUSDT (66%)
2026-04-21 04:46:17,603 [INFO] src.alerter: [Alert] 🆕 NEW LONG: DOTUSDT (59%)
2026-04-21 04:46:17,603 [INFO] src.alerter: [Alert] 🆕 NEW LONG: AVAXUSDT (80%)
2026-04-21 04:46:17,603 [INFO] src.alerter: [Alert] 🆕 NEW SHORT: SOLUSDT (68%)
2026-04-21 04:46:17,603 [INFO] src.alerter: [Alert] 🆕 NEW LONG: NEARUSDT (57%)
2026-04-21 04:46:17,603 [INFO] src.alerter: [Alert] 🆕 NEW SHORT: FILUSDT (71%)
2026-04-21 04:46:17,603 [INFO] src.alerter: [Alert] 🆕 NEW SHORT: UNIUSDT (63%)
2026-04-21 04:46:17,603 [INFO] src.alerter: [Alert] 🆕 NEW LONG: AAVEUSDT (68%)
2026-04-21 04:46:17,603 [INFO] src.alerter: [Alert] 🆕 NEW SHORT: ARBUSDT (66%)
2026-04-21 04:46:17,603 [INFO] src.alerter: [Alert] 🆕 NEW SHORT: FETUSDT (64%)
2026-04-21 04:46:17,603 [INFO] src.alerter: [Alert] 🆕 NEW LONG: RENDERUSDT (55%)
2026-04-21 04:46:17,604 [INFO] src.alerter: [Alert] 🆕 NEW SHORT: 1000PEPEUSDT (71%)
2026-04-21 04:46:17,604 [INFO] src.alerter: [Alert] 🆕 NEW LONG: OPUSDT (57%)
2026-04-21 04:46:17,604 [INFO] src.alerter: [Alert] 🆕 NEW LONG: 1000FLOKIUSDT (63%)
2026-04-21 04:46:17,604 [INFO] src.alerter: [Alert] 🆕 NEW SHORT: STXUSDT (66%)
2026-04-21 04:46:17,604 [INFO] src.alerter: [Alert] 🆕 NEW SHORT: TIAUSDT (57%)
2026-04-21 04:46:17,604 [INFO] src.alerter: [Alert] 🆕 NEW LONG: ORDIUSDT (80%)
2026-04-21 04:46:17,604 [INFO] src.engine: [Engine] 21 signal alerts detected
2026-04-21 04:46:21,472 [INFO] src.adaptive_rl: [RL] Saved adaptive weights to data/adaptive_weights.json
2026-04-21 04:46:21,472 [INFO] src.adaptive_rl: [RL] Updated weights for 4 regimes
2026-04-21 04:46:21,472 [INFO] src.engine: [Engine] RL: Updated weights for 4 regimes
2026-04-21 04:46:21,472 [INFO] src.engine: [Engine] Scan complete: 30 coins, 10L/11S/9W in 118.9s
2026-04-21 04:46:21,476 [INFO] api: [Scheduler] Auto-scan complete: {'total': 30, 'long': 10, 'short': 11, 'wait': 9, 'errors': 0} (next: 05:01:21)
2026-04-21 04:46:21,476 [INFO] apscheduler.executors.default: Job "Auto-screen every 15 minutes (trigger: interval[0:15:00], next run at: 2026-04-21 04:59:18 WIB)" executed successfully
2026-04-21 04:46:21,845 [INFO] httpx: HTTP Request: GET https://fapi.binance.com/fapi/v1/ticker/24hr "HTTP/1.1 200 OK"
2026-04-21 04:46:22,136 [INFO] httpx: HTTP Request: GET https://fapi.binance.com/fapi/v1/ticker/24hr "HTTP/1.1 200 OK"
2026-04-21 04:46:22,137 [INFO] httpx: HTTP Request: GET https://fapi.binance.com/fapi/v1/ticker/24hr "HTTP/1.1 200 OK"
2026-04-21 04:46:22,490 [INFO] httpx: HTTP Request: GET https://fapi.binance.com/fapi/v1/ticker/24hr "HTTP/1.1 200 OK"
2026-04-21 04:46:22,495 [INFO] httpx: HTTP Request: GET https://fapi.binance.com/fapi/v1/ticker/24hr "HTTP/1.1 200 OK"
2026-04-21 04:46:22,496 [INFO] httpx: HTTP Request: GET https://fapi.binance.com/fapi/v1/ticker/24hr "HTTP/1.1 200 OK"
2026-04-21 04:46:22,497 [INFO] httpx: HTTP Request: GET https://fapi.binance.com/fapi/v1/ticker/24hr "HTTP/1.1 200 OK"
2026-04-21 04:46:22,498 [INFO] httpx: HTTP Request: GET https://fapi.binance.com/fapi/v1/ticker/24hr "HTTP/1.1 200 OK"
2026-04-21 04:46:22,796 [INFO] httpx: HTTP Request: GET https://fapi.binance.com/fapi/v1/ticker/24hr "HTTP/1.1 200 OK"
2026-04-21 04:46:37,774 [INFO] httpx: HTTP Request: GET https://fapi.binance.com/fapi/v1/ticker/24hr "HTTP/1.1 200 OK"
2026-04-21 04:46:52,779 [INFO] httpx: HTTP Request: GET https://fapi.binance.com/fapi/v1/ticker/24hr "HTTP/1.1 200 OK"
2026-04-21 04:47:07,786 [INFO] httpx: HTTP Request: GET https://fapi.binance.com/fapi/v1/ticker/24hr "HTTP/1.1 200 OK"
2026-04-21 04:47:22,779 [INFO] httpx: HTTP Request: GET https://fapi.binance.com/fapi/v1/ticker/24hr "HTTP/1.1 200 OK"
2026-04-21 04:47:37,774 [INFO] httpx: HTTP Request: GET https://fapi.binance.com/fapi/v1/ticker/24hr "HTTP/1.1 200 OK"
2026-04-21 04:47:52,808 [INFO] httpx: HTTP Request: GET https://fapi.binance.com/fapi/v1/ticker/24hr "HTTP/1.1 200 OK"
2026-04-21 04:48:08,238 [INFO] httpx: HTTP Request: GET https://fapi.binance.com/fapi/v1/ticker/24hr "HTTP/1.1 200 OK"
2026-04-21 04:48:22,774 [INFO] httpx: HTTP Request: GET https://fapi.binance.com/fapi/v1/ticker/24hr "HTTP/1.1 200 OK"
2026-04-21 04:48:37,805 [INFO] httpx: HTTP Request: GET https://fapi.binance.com/fapi/v1/ticker/24hr "HTTP/1.1 200 OK"
